2024-08-21 11:00:35 DEBUG TestNG:82 - suiteXmlPath: "C:\Users\003J72744\AppData\Local\JetBrains\IdeaIC2024.1\temp-testng-customsuite.xml"
2024-08-21 11:00:36 INFO  Utils:112 - [TestNG] Running:
  C:\Users\003J72744\AppData\Local\JetBrains\IdeaIC2024.1\temp-testng-customsuite.xml

2024-08-21 11:01:40 DEBUG TestNG:82 - suiteXmlPath: "C:\Users\003J72744\Desktop\TestingAcademyAT\Workspace_AT\SeleniumSDET\src\test\java\testng\paralleltesting.xml"
2024-08-21 11:01:40 INFO  Utils:112 - [TestNG] Running:
  C:\Users\003J72744\Desktop\TestingAcademyAT\Workspace_AT\SeleniumSDET\src\test\java\testng\paralleltesting.xml

2024-08-21 11:02:08 DEBUG TestNG:82 - suiteXmlPath: "C:\Users\003J72744\Desktop\TestingAcademyAT\Workspace_AT\SeleniumSDET\src\test\java\testng\paralleltesting.xml"
2024-08-21 11:02:09 INFO  Utils:112 - [TestNG] Running:
  C:\Users\003J72744\Desktop\TestingAcademyAT\Workspace_AT\SeleniumSDET\src\test\java\testng\paralleltesting.xml

2024-08-21 11:02:37 DEBUG TestNG:82 - suiteXmlPath: "C:\Users\003J72744\Desktop\TestingAcademyAT\Workspace_AT\SeleniumSDET\src\test\java\testng\paralleltesting.xml"
2024-08-21 11:02:39 INFO  Utils:112 - [TestNG] Running:
  C:\Users\003J72744\Desktop\TestingAcademyAT\Workspace_AT\SeleniumSDET\src\test\java\testng\paralleltesting.xml

2024-08-21 11:03:02 DEBUG TestNG:82 - suiteXmlPath: "C:\Users\003J72744\Desktop\TestingAcademyAT\Workspace_AT\SeleniumSDET\src\test\java\testng\paralleltesting.xml"
2024-08-21 11:03:03 INFO  Utils:112 - [TestNG] Running:
  C:\Users\003J72744\Desktop\TestingAcademyAT\Workspace_AT\SeleniumSDET\src\test\java\testng\paralleltesting.xml

2024-08-21 11:10:45 DEBUG TestNG:82 - suiteXmlPath: "C:\Users\003J72744\Desktop\TestingAcademyAT\Workspace_AT\SeleniumSDET\src\test\java\testng\paralleltesting.xml"
2024-08-21 11:10:46 INFO  Utils:112 - [TestNG] Running:
  C:\Users\003J72744\Desktop\TestingAcademyAT\Workspace_AT\SeleniumSDET\src\test\java\testng\paralleltesting.xml

2024-08-21 11:11:07 DEBUG TestNG:82 - suiteXmlPath: "C:\Users\003J72744\Desktop\TestingAcademyAT\Workspace_AT\SeleniumSDET\src\test\java\testng\paralleltesting.xml"
2024-08-21 11:11:08 INFO  Utils:112 - [TestNG] Running:
  C:\Users\003J72744\Desktop\TestingAcademyAT\Workspace_AT\SeleniumSDET\src\test\java\testng\paralleltesting.xml

2024-08-21 11:39:59 DEBUG TestNG:82 - suiteXmlPath: "C:\Users\003J72744\Desktop\TestingAcademyAT\Workspace_AT\SeleniumSDET\src\test\java\testng\listeners.xml"
2024-08-21 11:39:59 INFO  Utils:112 - [TestNG] Running:
  C:\Users\003J72744\Desktop\TestingAcademyAT\Workspace_AT\SeleniumSDET\src\test\java\testng\listeners.xml

2024-08-21 11:40:56 DEBUG TestNG:82 - suiteXmlPath: "C:\Users\003J72744\Desktop\TestingAcademyAT\Workspace_AT\SeleniumSDET\src\test\java\testng\listeners.xml"
2024-08-21 11:40:57 INFO  Utils:112 - [TestNG] Running:
  C:\Users\003J72744\Desktop\TestingAcademyAT\Workspace_AT\SeleniumSDET\src\test\java\testng\listeners.xml

2024-08-21 11:41:15 DEBUG TestNG:82 - suiteXmlPath: "C:\Users\003J72744\Desktop\TestingAcademyAT\Workspace_AT\SeleniumSDET\src\test\java\testng\listeners.xml"
2024-08-21 11:41:16 INFO  Utils:112 - [TestNG] Running:
  C:\Users\003J72744\Desktop\TestingAcademyAT\Workspace_AT\SeleniumSDET\src\test\java\testng\listeners.xml

2024-08-21 11:42:20 DEBUG TestNG:82 - suiteXmlPath: "C:\Users\003J72744\Desktop\TestingAcademyAT\Workspace_AT\SeleniumSDET\src\test\java\testng\listeners.xml"
2024-08-21 11:42:21 INFO  Utils:112 - [TestNG] Running:
  C:\Users\003J72744\Desktop\TestingAcademyAT\Workspace_AT\SeleniumSDET\src\test\java\testng\listeners.xml

2024-08-21 11:47:21 DEBUG TestNG:82 - suiteXmlPath: "C:\Users\003J72744\Desktop\TestingAcademyAT\Workspace_AT\SeleniumSDET\src\test\java\testng\listeners.xml"
2024-08-21 11:47:21 INFO  Utils:112 - [TestNG] Running:
  C:\Users\003J72744\Desktop\TestingAcademyAT\Workspace_AT\SeleniumSDET\src\test\java\testng\listeners.xml

2024-08-21 11:49:37 DEBUG TestNG:82 - suiteXmlPath: "C:\Users\003J72744\Desktop\TestingAcademyAT\Workspace_AT\SeleniumSDET\src\test\java\testng\listeners.xml"
2024-08-21 11:49:38 INFO  Utils:112 - [TestNG] Running:
  C:\Users\003J72744\Desktop\TestingAcademyAT\Workspace_AT\SeleniumSDET\src\test\java\testng\listeners.xml

2024-08-21 13:42:00 DEBUG TestNG:82 - suiteXmlPath: "C:\Users\003J72744\Desktop\TestingAcademyAT\Workspace_AT\SeleniumSDET\src\test\java\testng\extentreport.xml"
2024-08-21 13:42:00 INFO  Utils:112 - [TestNG] Running:
  C:\Users\003J72744\Desktop\TestingAcademyAT\Workspace_AT\SeleniumSDET\src\test\java\testng\extentreport.xml

2024-08-21 13:44:14 DEBUG TestNG:82 - suiteXmlPath: "C:\Users\003J72744\Desktop\TestingAcademyAT\Workspace_AT\SeleniumSDET\src\test\java\testng\extentreport.xml"
2024-08-21 13:44:14 INFO  Utils:112 - [TestNG] Running:
  C:\Users\003J72744\Desktop\TestingAcademyAT\Workspace_AT\SeleniumSDET\src\test\java\testng\extentreport.xml

2024-08-21 13:47:05 DEBUG TestNG:82 - suiteXmlPath: "C:\Users\003J72744\Desktop\TestingAcademyAT\Workspace_AT\SeleniumSDET\src\test\java\testng\extentreport.xml"
2024-08-21 13:47:06 INFO  Utils:112 - [TestNG] Running:
  C:\Users\003J72744\Desktop\TestingAcademyAT\Workspace_AT\SeleniumSDET\src\test\java\testng\extentreport.xml

2024-08-21 13:49:06 DEBUG TestNG:82 - suiteXmlPath: "C:\Users\003J72744\Desktop\TestingAcademyAT\Workspace_AT\SeleniumSDET\src\test\java\testng\extentreport.xml"
2024-08-21 13:49:08 INFO  Utils:112 - [TestNG] Running:
  C:\Users\003J72744\Desktop\TestingAcademyAT\Workspace_AT\SeleniumSDET\src\test\java\testng\extentreport.xml

2024-08-21 13:50:44 DEBUG TestNG:82 - suiteXmlPath: "C:\Users\003J72744\Desktop\TestingAcademyAT\Workspace_AT\SeleniumSDET\src\test\java\testng\extentreport.xml"
2024-08-21 13:50:45 INFO  Utils:112 - [TestNG] Running:
  C:\Users\003J72744\Desktop\TestingAcademyAT\Workspace_AT\SeleniumSDET\src\test\java\testng\extentreport.xml

2024-08-21 13:51:04 DEBUG TestNG:82 - suiteXmlPath: "C:\Users\003J72744\Desktop\TestingAcademyAT\Workspace_AT\SeleniumSDET\src\test\java\testng\extentreport.xml"
2024-08-21 13:51:05 INFO  Utils:112 - [TestNG] Running:
  C:\Users\003J72744\Desktop\TestingAcademyAT\Workspace_AT\SeleniumSDET\src\test\java\testng\extentreport.xml

2024-08-21 13:53:39 DEBUG TestNG:82 - suiteXmlPath: "C:\Users\003J72744\Desktop\TestingAcademyAT\Workspace_AT\SeleniumSDET\src\test\java\testng\extentreport.xml"
2024-08-21 13:53:40 INFO  Utils:112 - [TestNG] Running:
  C:\Users\003J72744\Desktop\TestingAcademyAT\Workspace_AT\SeleniumSDET\src\test\java\testng\extentreport.xml

2024-08-21 13:56:32 DEBUG TestNG:82 - suiteXmlPath: "C:\Users\003J72744\Desktop\TestingAcademyAT\Workspace_AT\SeleniumSDET\src\test\java\testng\extentreport.xml"
2024-08-21 13:56:33 INFO  Utils:112 - [TestNG] Running:
  C:\Users\003J72744\Desktop\TestingAcademyAT\Workspace_AT\SeleniumSDET\src\test\java\testng\extentreport.xml

2024-08-21 13:57:04 DEBUG TestNG:82 - suiteXmlPath: "C:\Users\003J72744\Desktop\TestingAcademyAT\Workspace_AT\SeleniumSDET\src\test\java\testng\extentreport.xml"
2024-08-21 13:57:05 INFO  Utils:112 - [TestNG] Running:
  C:\Users\003J72744\Desktop\TestingAcademyAT\Workspace_AT\SeleniumSDET\src\test\java\testng\extentreport.xml

2024-08-21 13:58:10 DEBUG TestNG:82 - suiteXmlPath: "C:\Users\003J72744\Desktop\TestingAcademyAT\Workspace_AT\SeleniumSDET\src\test\java\testng\extentreport.xml"
2024-08-21 13:58:10 INFO  Utils:112 - [TestNG] Running:
  C:\Users\003J72744\Desktop\TestingAcademyAT\Workspace_AT\SeleniumSDET\src\test\java\testng\extentreport.xml

